GET /products at time 16:42:18 GMT+0530 (India Standard Time)
GET /products at time 16:52:42 GMT+0530 (India Standard Time)
GET /products at time 16:52:45 GMT+0530 (India Standard Time)
GET /user at time 16:53:59 GMT+0530 (India Standard Time)
GET /products at time 16:55:07 GMT+0530 (India Standard Time)
GET / at time 17:20:06 GMT+0530 (India Standard Time)
GET / at time 17:36:32 GMT+0530 (India Standard Time)
GET /bootstrap-5.1.3-dist/css/bootstrap.min.css at time 17:36:32 GMT+0530 (India Standard Time)
GET / at time 17:36:33 GMT+0530 (India Standard Time)
GET /bootstrap-5.1.3-dist/css/bootstrap.min.css at time 17:36:33 GMT+0530 (India Standard Time)
GET / at time 17:36:34 GMT+0530 (India Standard Time)
GET /bootstrap-5.1.3-dist/css/bootstrap.min.css at time 17:36:34 GMT+0530 (India Standard Time)
GET / at time 17:36:34 GMT+0530 (India Standard Time)
GET /bootstrap-5.1.3-dist/css/bootstrap.min.css at time 17:36:34 GMT+0530 (India Standard Time)
GET /bootstrap-5.1.3-dist/css/bootstrap.min.css at time 17:40:06 GMT+0530 (India Standard Time)
GET /bootstrap-5.1.3-dist/css/bootstrap.min.css.map at time 17:40:06 GMT+0530 (India Standard Time)
GET /products at time 18:43:59 GMT+0530 (India Standard Time)
GET /products at time 18:44:47 GMT+0530 (India Standard Time)
GET / at time 18:44:50 GMT+0530 (India Standard Time)
GET /bootstrap-5.1.3-dist/css/bootstrap.min.css at time 18:44:50 GMT+0530 (India Standard Time)
GET /bootstrap-5.1.3-dist/css/bootstrap.min.css at time 18:44:50 GMT+0530 (India Standard Time)
GET /bootstrap-5.1.3-dist/css/bootstrap.min.css at time 18:44:50 GMT+0530 (India Standard Time)
GET /products at time 18:44:54 GMT+0530 (India Standard Time)
GET /products at time 18:47:49 GMT+0530 (India Standard Time)
GET /products at time 18:48:27 GMT+0530 (India Standard Time)
GET / at time 18:50:09 GMT+0530 (India Standard Time)
GET /bootstrap-5.1.3-dist/css/bootstrap.min.css at time 18:50:09 GMT+0530 (India Standard Time)
GET /bootstrap-5.1.3-dist/css/bootstrap.min.css at time 18:50:09 GMT+0530 (India Standard Time)
GET /products at time 18:50:12 GMT+0530 (India Standard Time)
GET / at time 18:54:51 GMT+0530 (India Standard Time)
GET /bootstrap-5.1.3-dist/css/bootstrap.min.css at time 18:54:51 GMT+0530 (India Standard Time)
GET /bootstrap-5.1.3-dist/css/bootstrap.min.css at time 18:54:51 GMT+0530 (India Standard Time)
GET /products at time 18:54:54 GMT+0530 (India Standard Time)
GET /products at time 18:54:56 GMT+0530 (India Standard Time)
GET / at time 18:54:58 GMT+0530 (India Standard Time)
GET /bootstrap-5.1.3-dist/css/bootstrap.min.css at time 18:54:58 GMT+0530 (India Standard Time)
GET /bootstrap-5.1.3-dist/css/bootstrap.min.css at time 18:54:58 GMT+0530 (India Standard Time)
GET / at time 18:55:07 GMT+0530 (India Standard Time)
GET /bootstrap-5.1.3-dist/css/bootstrap.min.css at time 18:55:07 GMT+0530 (India Standard Time)
GET /bootstrap-5.1.3-dist/css/bootstrap.min.css at time 18:55:07 GMT+0530 (India Standard Time)
GET /products at time 18:55:28 GMT+0530 (India Standard Time)
GET /users at time 10:19:28 GMT+0530 (India Standard Time)
POST /users at time 10:20:53 GMT+0530 (India Standard Time)
POST /users at time 10:21:28 GMT+0530 (India Standard Time)
PUT /users at time 10:21:34 GMT+0530 (India Standard Time)
POST /users at time 10:21:45 GMT+0530 (India Standard Time)
POST /users/61e1012da986f9e95ac53b9d at time 10:21:58 GMT+0530 (India Standard Time)
PUT /users/61e1012da986f9e95ac53b9d at time 10:22:02 GMT+0530 (India Standard Time)
GET /page/products at time 10:23:23 GMT+0530 (India Standard Time)
GET /bootstrap-5.1.3-dist/css/bootstrap.min.css at time 10:23:23 GMT+0530 (India Standard Time)
GET /page/bootstrap-5.1.3-dist/css/bootstrap.min.css at time 10:23:23 GMT+0530 (India Standard Time)
GET /page/bootstrap-5.1.3-dist/css/bootstrap.min.css at time 10:23:23 GMT+0530 (India Standard Time)
GET /favicon.ico at time 10:23:23 GMT+0530 (India Standard Time)
GET /page/products at time 10:40:54 GMT+0530 (India Standard Time)
GET /bootstrap-5.1.3-dist/css/bootstrap.min.css at time 10:40:54 GMT+0530 (India Standard Time)
GET /page/bootstrap-5.1.3-dist/css/bootstrap.min.css at time 10:40:54 GMT+0530 (India Standard Time)
GET /page/bootstrap-5.1.3-dist/css/bootstrap.min.css at time 10:40:54 GMT+0530 (India Standard Time)
GET /page/products at time 11:00:34 GMT+0530 (India Standard Time)
GET /page/products at time 11:00:37 GMT+0530 (India Standard Time)
GET /page/products at time 11:01:33 GMT+0530 (India Standard Time)
GET /page/products at time 11:07:28 GMT+0530 (India Standard Time)
GET /page/products at time 11:07:30 GMT+0530 (India Standard Time)
GET /page/products at time 11:09:25 GMT+0530 (India Standard Time)
GET /page/products at time 11:09:28 GMT+0530 (India Standard Time)
GET /page/products at time 11:09:29 GMT+0530 (India Standard Time)
GET /page/products at time 11:34:52 GMT+0530 (India Standard Time)
GET /bootstrap-5.1.3-dist/css/bootstrap.min.css at time 11:34:52 GMT+0530 (India Standard Time)
GET /page/bootstrap-5.1.3-dist/css/bootstrap.min.css at time 11:34:52 GMT+0530 (India Standard Time)
GET /page/bootstrap-5.1.3-dist/css/bootstrap.min.css at time 11:34:52 GMT+0530 (India Standard Time)
GET /page/products at time 11:36:37 GMT+0530 (India Standard Time)
GET /page/bootstrap-5.1.3-dist/css/bootstrap.min.css at time 11:36:37 GMT+0530 (India Standard Time)
GET /bootstrap-5.1.3-dist/css/bootstrap.min.css at time 11:36:37 GMT+0530 (India Standard Time)
GET /page/products at time 11:36:38 GMT+0530 (India Standard Time)
GET /bootstrap-5.1.3-dist/css/bootstrap.min.css at time 11:36:38 GMT+0530 (India Standard Time)
GET /page/bootstrap-5.1.3-dist/css/bootstrap.min.css at time 11:36:38 GMT+0530 (India Standard Time)
GET / at time 11:36:41 GMT+0530 (India Standard Time)
GET /bootstrap-5.1.3-dist/css/bootstrap.min.css at time 11:36:41 GMT+0530 (India Standard Time)
GET /bootstrap-5.1.3-dist/css/bootstrap.min.css at time 11:36:41 GMT+0530 (India Standard Time)
GET /page/products at time 11:36:41 GMT+0530 (India Standard Time)
GET /bootstrap-5.1.3-dist/css/bootstrap.min.css at time 11:36:42 GMT+0530 (India Standard Time)
GET /page/bootstrap-5.1.3-dist/css/bootstrap.min.css at time 11:36:42 GMT+0530 (India Standard Time)
GET / at time 11:36:42 GMT+0530 (India Standard Time)
GET /bootstrap-5.1.3-dist/css/bootstrap.min.css at time 11:36:42 GMT+0530 (India Standard Time)
GET /bootstrap-5.1.3-dist/css/bootstrap.min.css at time 11:36:42 GMT+0530 (India Standard Time)
GET /page/products at time 11:36:43 GMT+0530 (India Standard Time)
GET /page/bootstrap-5.1.3-dist/css/bootstrap.min.css at time 11:36:43 GMT+0530 (India Standard Time)
GET /bootstrap-5.1.3-dist/css/bootstrap.min.css at time 11:36:43 GMT+0530 (India Standard Time)
GET /page/products at time 11:36:44 GMT+0530 (India Standard Time)
GET /bootstrap-5.1.3-dist/css/bootstrap.min.css at time 11:36:44 GMT+0530 (India Standard Time)
GET /page/bootstrap-5.1.3-dist/css/bootstrap.min.css at time 11:36:44 GMT+0530 (India Standard Time)
GET / at time 11:36:45 GMT+0530 (India Standard Time)
GET /bootstrap-5.1.3-dist/css/bootstrap.min.css at time 11:36:45 GMT+0530 (India Standard Time)
GET /bootstrap-5.1.3-dist/css/bootstrap.min.css at time 11:36:45 GMT+0530 (India Standard Time)
GET /page/products at time 11:36:46 GMT+0530 (India Standard Time)
GET /bootstrap-5.1.3-dist/css/bootstrap.min.css at time 11:36:46 GMT+0530 (India Standard Time)
GET /page/bootstrap-5.1.3-dist/css/bootstrap.min.css at time 11:36:46 GMT+0530 (India Standard Time)
GET /page/products at time 11:38:25 GMT+0530 (India Standard Time)
GET /bootstrap-5.1.3-dist/css/bootstrap.min.css at time 11:38:25 GMT+0530 (India Standard Time)
GET /page/bootstrap-5.1.3-dist/css/bootstrap.min.css at time 11:38:25 GMT+0530 (India Standard Time)
GET / at time 11:38:26 GMT+0530 (India Standard Time)
GET /bootstrap-5.1.3-dist/css/bootstrap.min.css at time 11:38:26 GMT+0530 (India Standard Time)
GET /bootstrap-5.1.3-dist/css/bootstrap.min.css at time 11:38:26 GMT+0530 (India Standard Time)
GET /page/products at time 11:38:27 GMT+0530 (India Standard Time)
GET /page/bootstrap-5.1.3-dist/css/bootstrap.min.css at time 11:38:27 GMT+0530 (India Standard Time)
GET /bootstrap-5.1.3-dist/css/bootstrap.min.css at time 11:38:27 GMT+0530 (India Standard Time)
GET /page/products at time 12:16:56 GMT+0530 (India Standard Time)
GET /bootstrap-5.1.3-dist/css/bootstrap.min.css at time 12:16:56 GMT+0530 (India Standard Time)
GET /page/bootstrap-5.1.3-dist/css/bootstrap.min.css at time 12:16:56 GMT+0530 (India Standard Time)
GET /page/products at time 12:16:59 GMT+0530 (India Standard Time)
GET /bootstrap-5.1.3-dist/css/bootstrap.min.css at time 12:16:59 GMT+0530 (India Standard Time)
GET /page/bootstrap-5.1.3-dist/css/bootstrap.min.css at time 12:16:59 GMT+0530 (India Standard Time)
GET /page/products at time 12:16:59 GMT+0530 (India Standard Time)
GET /bootstrap-5.1.3-dist/css/bootstrap.min.css at time 12:16:59 GMT+0530 (India Standard Time)
GET /page/bootstrap-5.1.3-dist/css/bootstrap.min.css at time 12:16:59 GMT+0530 (India Standard Time)
GET /users at time 12:36:54 GMT+0530 (India Standard Time)
GET /products at time 12:39:33 GMT+0530 (India Standard Time)
POST /products/REVIEW at time 12:42:58 GMT+0530 (India Standard Time)
POST /products/review at time 12:46:02 GMT+0530 (India Standard Time)
GET /products at time 12:48:45 GMT+0530 (India Standard Time)
POST /products/61dd985723d83cf778c0daea/review at time 12:48:59 GMT+0530 (India Standard Time)
POST /products/61dd985723d83cf778c0daea/Review at time 12:49:08 GMT+0530 (India Standard Time)
POST /products/61dd985723d83cf778c0daea/reviews at time 12:49:19 GMT+0530 (India Standard Time)
POST /products/61dd985723d83cf778c0daea/reviews at time 12:49:21 GMT+0530 (India Standard Time)
POST /products/61dd985723d83cf778c0daea/reviews at time 12:50:20 GMT+0530 (India Standard Time)
GET /page/products at time 12:51:14 GMT+0530 (India Standard Time)
GET /bootstrap-5.1.3-dist/css/bootstrap.min.css at time 12:51:15 GMT+0530 (India Standard Time)
GET /page/bootstrap-5.1.3-dist/css/bootstrap.min.css at time 12:51:15 GMT+0530 (India Standard Time)
GET /page/products at time 12:51:19 GMT+0530 (India Standard Time)
GET /page/bootstrap-5.1.3-dist/css/bootstrap.min.css at time 12:51:19 GMT+0530 (India Standard Time)
GET /bootstrap-5.1.3-dist/css/bootstrap.min.css at time 12:51:19 GMT+0530 (India Standard Time)
GET / at time 12:51:20 GMT+0530 (India Standard Time)
GET /bootstrap-5.1.3-dist/css/bootstrap.min.css at time 12:51:20 GMT+0530 (India Standard Time)
GET /bootstrap-5.1.3-dist/css/bootstrap.min.css at time 12:51:20 GMT+0530 (India Standard Time)
GET /page/products at time 12:51:22 GMT+0530 (India Standard Time)
GET /bootstrap-5.1.3-dist/css/bootstrap.min.css at time 12:51:22 GMT+0530 (India Standard Time)
GET /page/bootstrap-5.1.3-dist/css/bootstrap.min.css at time 12:51:22 GMT+0530 (India Standard Time)
GET /page/products at time 14:33:17 GMT+0530 (India Standard Time)
GET /page/bootstrap-5.1.3-dist/css/bootstrap.min.css at time 14:33:17 GMT+0530 (India Standard Time)
GET /bootstrap-5.1.3-dist/css/bootstrap.min.css at time 14:33:17 GMT+0530 (India Standard Time)
GET / at time 14:36:25 GMT+0530 (India Standard Time)
GET /bootstrap-5.1.3-dist/css/bootstrap.min.css at time 14:36:25 GMT+0530 (India Standard Time)
GET /bootstrap-5.1.3-dist/css/bootstrap.min.css at time 14:36:25 GMT+0530 (India Standard Time)
GET /favicon.ico at time 14:36:25 GMT+0530 (India Standard Time)
GET /products at time 14:36:33 GMT+0530 (India Standard Time)
GET /users at time 14:36:42 GMT+0530 (India Standard Time)
GET / at time 14:37:56 GMT+0530 (India Standard Time)
GET /bootstrap-5.1.3-dist/css/bootstrap.min.css at time 14:37:56 GMT+0530 (India Standard Time)
GET /bootstrap-5.1.3-dist/css/bootstrap.min.css at time 14:37:56 GMT+0530 (India Standard Time)
GET /products at time 14:38:05 GMT+0530 (India Standard Time)
GET /users at time 14:38:12 GMT+0530 (India Standard Time)
GET /page/products at time 14:38:25 GMT+0530 (India Standard Time)
GET /bootstrap-5.1.3-dist/css/bootstrap.min.css at time 14:38:25 GMT+0530 (India Standard Time)
GET /page/bootstrap-5.1.3-dist/css/bootstrap.min.css at time 14:38:25 GMT+0530 (India Standard Time)
GET /page/products at time 14:38:28 GMT+0530 (India Standard Time)
GET /bootstrap-5.1.3-dist/css/bootstrap.min.css at time 14:38:28 GMT+0530 (India Standard Time)
GET /page/bootstrap-5.1.3-dist/css/bootstrap.min.css at time 14:38:28 GMT+0530 (India Standard Time)
GET /page/products at time 14:38:33 GMT+0530 (India Standard Time)
GET /bootstrap-5.1.3-dist/css/bootstrap.min.css at time 14:38:33 GMT+0530 (India Standard Time)
GET /page/bootstrap-5.1.3-dist/css/bootstrap.min.css at time 14:38:33 GMT+0530 (India Standard Time)
GET / at time 14:39:21 GMT+0530 (India Standard Time)
GET /bootstrap-5.1.3-dist/css/bootstrap.min.css at time 14:39:21 GMT+0530 (India Standard Time)
GET /bootstrap-5.1.3-dist/css/bootstrap.min.css at time 14:39:21 GMT+0530 (India Standard Time)
GET /favicon.ico at time 14:39:21 GMT+0530 (India Standard Time)
GET /users at time 14:39:24 GMT+0530 (India Standard Time)
GET / at time 14:54:25 GMT+0530 (India Standard Time)
GET /bootstrap-5.1.3-dist/css/bootstrap.min.css at time 14:54:25 GMT+0530 (India Standard Time)
GET /bootstrap-5.1.3-dist/css/bootstrap.min.css at time 14:54:25 GMT+0530 (India Standard Time)
GET /favicon.ico at time 14:54:25 GMT+0530 (India Standard Time)
GET /products at time 14:54:32 GMT+0530 (India Standard Time)
GET / at time 14:54:42 GMT+0530 (India Standard Time)
GET /bootstrap-5.1.3-dist/css/bootstrap.min.css at time 14:54:42 GMT+0530 (India Standard Time)
GET /bootstrap-5.1.3-dist/css/bootstrap.min.css at time 14:54:42 GMT+0530 (India Standard Time)
GET /users at time 14:54:47 GMT+0530 (India Standard Time)
GET /products/61dd985723d83cf778c0daea at time 14:55:05 GMT+0530 (India Standard Time)
GET /products/61dd985723d83cf778c0daea/reviews at time 14:55:18 GMT+0530 (India Standard Time)
GET /products/61dd985723d83cf778c0daea/reviews at time 14:55:59 GMT+0530 (India Standard Time)
GET /products at time 14:56:18 GMT+0530 (India Standard Time)
GET /users at time 14:56:27 GMT+0530 (India Standard Time)
GET /products/61dd985723d83cf778c0daea at time 14:56:55 GMT+0530 (India Standard Time)
GET /auth/login at time 15:41:38 GMT+0530 (India Standard Time)
GET /auth/login at time 15:42:00 GMT+0530 (India Standard Time)
GET /auth/login at time 15:42:15 GMT+0530 (India Standard Time)
GET /auth/login at time 15:42:57 GMT+0530 (India Standard Time)
POST /auth/login at time 15:50:42 GMT+0530 (India Standard Time)
POST /auth/login at time 15:50:43 GMT+0530 (India Standard Time)
POST /auth/login at time 15:51:19 GMT+0530 (India Standard Time)
POST /auth/login at time 15:51:23 GMT+0530 (India Standard Time)
POST /auth/login at time 15:52:25 GMT+0530 (India Standard Time)
POST /auth/login at time 15:53:13 GMT+0530 (India Standard Time)
POST /auth/login at time 15:53:14 GMT+0530 (India Standard Time)
POST /auth/login at time 16:01:09 GMT+0530 (India Standard Time)
POST /auth/login at time 16:01:10 GMT+0530 (India Standard Time)
POST /auth/login at time 16:01:10 GMT+0530 (India Standard Time)
POST /auth/login at time 16:01:45 GMT+0530 (India Standard Time)
POST /auth/login at time 16:01:47 GMT+0530 (India Standard Time)
POST /auth/login at time 16:02:22 GMT+0530 (India Standard Time)
POST /auth/login at time 16:04:08 GMT+0530 (India Standard Time)
POST /auth/login at time 16:04:21 GMT+0530 (India Standard Time)
GET /users at time 16:13:29 GMT+0530 (India Standard Time)
GET /users at time 16:32:48 GMT+0530 (India Standard Time)
GET /users at time 16:34:46 GMT+0530 (India Standard Time)
GET /users at time 16:36:27 GMT+0530 (India Standard Time)
GET /users at time 16:38:44 GMT+0530 (India Standard Time)
GET /users at time 16:40:05 GMT+0530 (India Standard Time)
GET /users at time 16:41:05 GMT+0530 (India Standard Time)
GET /users at time 17:21:26 GMT+0530 (India Standard Time)
GET /users at time 17:21:47 GMT+0530 (India Standard Time)
GET /users at time 17:22:03 GMT+0530 (India Standard Time)
GET /users at time 17:42:33 GMT+0530 (India Standard Time)
GET /users at time 17:42:53 GMT+0530 (India Standard Time)
GET /users at time 17:44:05 GMT+0530 (India Standard Time)
GET /users at time 17:44:32 GMT+0530 (India Standard Time)
GET /users at time 17:44:51 GMT+0530 (India Standard Time)
PUT /users at time 17:45:39 GMT+0530 (India Standard Time)
POST /users at time 17:45:47 GMT+0530 (India Standard Time)
GET /users at time 17:45:54 GMT+0530 (India Standard Time)
GET /users at time 17:46:00 GMT+0530 (India Standard Time)
POST /auth/login at time 17:46:59 GMT+0530 (India Standard Time)
